[debug] [2025-07-21T23:58:55.029Z] ----------------------------------------------------------------------
[debug] [2025-07-21T23:58:55.032Z] Command:       C:\Program Files\nodejs\node.exe C:\Users\안성식\AppData\Roaming\npm\node_modules\firebase-tools\lib\bin\firebase.js init functions
[debug] [2025-07-21T23:58:55.033Z] CLI Version:   14.11.0
[debug] [2025-07-21T23:58:55.033Z] Platform:      win32
[debug] [2025-07-21T23:58:55.033Z] Node Version:  v24.4.1
[debug] [2025-07-21T23:58:55.033Z] Time:          Tue Jul 22 2025 08:58:55 GMT+0900 (Korean Standard Time)
[debug] [2025-07-21T23:58:55.033Z] ----------------------------------------------------------------------
[debug] 
[debug] [2025-07-21T23:58:55.051Z] > command requires scopes: ["email","openid","https://www.googleapis.com/auth/cloudplatformprojects.readonly","https://www.googleapis.com/auth/firebase","https://www.googleapis.com/auth/cloud-platform"]
[debug] [2025-07-21T23:58:55.051Z] > authorizing via signed-in user (kalnal0928@gmail.com)
[info] 
     ######## #### ########  ######## ########     ###     ######  ########
     ##        ##  ##     ## ##       ##     ##  ##   ##  ##       ##
     ######    ##  ########  ######   ########  #########  ######  ######
     ##        ##  ##    ##  ##       ##     ## ##     ##       ## ##
     ##       #### ##     ## ######## ########  ##     ##  ######  ########

You're about to initialize a Firebase project in this directory:

  I:\내 드라이브\git_hub_homePage\bab-1

[info] 
=== Project Setup
[info] 
[info] First, let's associate this project directory with a Firebase project.
[info] You can create multiple project aliases by running firebase use --add, 
[info] but for now we'll just set up a default project.
[info] 
[info] i  If you want to create a project in a Google Cloud organization or folder, please use "firebase projects:create" instead, and return to this command when you've created the project. 
[debug] [2025-07-21T23:59:35.494Z] Checked if tokens are valid: true, expires at: 1753145857878
[debug] [2025-07-21T23:59:35.495Z] Checked if tokens are valid: true, expires at: 1753145857878
[debug] [2025-07-21T23:59:35.496Z] >>> [apiv2][query] POST https://firebase.googleapis.com/v1/projects:checkProjectId [none]
[debug] [2025-07-21T23:59:35.496Z] >>> [apiv2][body] POST https://firebase.googleapis.com/v1/projects:checkProjectId {"proposedId":"kalnal0928_bab"}
[debug] [2025-07-21T23:59:35.858Z] <<< [apiv2][status] POST https://firebase.googleapis.com/v1/projects:checkProjectId 400
[debug] [2025-07-21T23:59:35.859Z] <<< [apiv2][body] POST https://firebase.googleapis.com/v1/projects:checkProjectId {"error":{"code":400,"message":"Request contains an invalid argument.","status":"INVALID_ARGUMENT"}}
[debug] [2025-07-21T23:59:35.859Z] Couldn't check if project ID kalnal0928_bab is available. Original error: FirebaseError: Failed to check if project ID is available. See firebase-debug.log for more info.
[debug] [2025-07-21T23:59:46.613Z] Checked if tokens are valid: true, expires at: 1753145857878
[debug] [2025-07-21T23:59:46.614Z] Checked if tokens are valid: true, expires at: 1753145857878
[debug] [2025-07-21T23:59:46.614Z] >>> [apiv2][query] POST https://cloudresourcemanager.googleapis.com/v1/projects [none]
[debug] [2025-07-21T23:59:46.614Z] >>> [apiv2][body] POST https://cloudresourcemanager.googleapis.com/v1/projects {"projectId":"kalnal0928_bab","name":"kalnal0928_bab"}
[debug] [2025-07-21T23:59:46.893Z] <<< [apiv2][status] POST https://cloudresourcemanager.googleapis.com/v1/projects 400
[debug] [2025-07-21T23:59:46.893Z] <<< [apiv2][body] POST https://cloudresourcemanager.googleapis.com/v1/projects {"error":{"code":400,"message":"Request contains an invalid argument.","status":"INVALID_ARGUMENT","details":[{"@type":"type.googleapis.com/google.rpc.BadRequest","fieldViolations":[{"field":"project_id","description":"project_id contains invalid characters"},{"field":"display_name","description":"project display name contains invalid characters"}]},{"@type":"type.googleapis.com/google.rpc.Help","links":[{"url":"https://cloud.google.com/resource-manager/reference/rest/v1/projects"}]}]}}
[debug] [2025-07-21T23:59:47.107Z] FirebaseError: Request to https://cloudresourcemanager.googleapis.com/v1/projects had HTTP Error: 400, Request contains an invalid argument.
    at responseToError (C:\Users\안성식\AppData\Roaming\npm\node_modules\firebase-tools\lib\responseToError.js:52:12)
    at RetryOperation._fn (C:\Users\안성식\AppData\Roaming\npm\node_modules\firebase-tools\lib\apiv2.js:312:77)
    at process.processTicksAndRejections (node:internal/process/task_queues:105:5)
[error] 
[error] Error: Failed to create project. See firebase-debug.log for more info.
[debug] [2025-07-22T00:00:00.741Z] ----------------------------------------------------------------------
[debug] [2025-07-22T00:00:00.745Z] Command:       C:\Program Files\nodejs\node.exe C:\Users\안성식\AppData\Roaming\npm\node_modules\firebase-tools\lib\bin\firebase.js init functions
[debug] [2025-07-22T00:00:00.746Z] CLI Version:   14.11.0
[debug] [2025-07-22T00:00:00.746Z] Platform:      win32
[debug] [2025-07-22T00:00:00.746Z] Node Version:  v24.4.1
[debug] [2025-07-22T00:00:00.746Z] Time:          Tue Jul 22 2025 09:00:00 GMT+0900 (Korean Standard Time)
[debug] [2025-07-22T00:00:00.746Z] ----------------------------------------------------------------------
[debug] 
[debug] [2025-07-22T00:00:00.768Z] > command requires scopes: ["email","openid","https://www.googleapis.com/auth/cloudplatformprojects.readonly","https://www.googleapis.com/auth/firebase","https://www.googleapis.com/auth/cloud-platform"]
[debug] [2025-07-22T00:00:00.768Z] > authorizing via signed-in user (kalnal0928@gmail.com)
[info] 
     ######## #### ########  ######## ########     ###     ######  ########
     ##        ##  ##     ## ##       ##     ##  ##   ##  ##       ##
     ######    ##  ########  ######   ########  #########  ######  ######
     ##        ##  ##    ##  ##       ##     ## ##     ##       ## ##
     ##       #### ##     ## ######## ########  ##     ##  ######  ########

You're about to initialize a Firebase project in this directory:

  I:\내 드라이브\git_hub_homePage\bab-1

[info] 
=== Project Setup
[info] 
[info] First, let's associate this project directory with a Firebase project.
[info] You can create multiple project aliases by running firebase use --add, 
[info] but for now we'll just set up a default project.
[info] 
[debug] [2025-07-22T00:00:05.827Z] Checked if tokens are valid: true, expires at: 1753145857878
[debug] [2025-07-22T00:00:05.827Z] Checked if tokens are valid: true, expires at: 1753145857878
[debug] [2025-07-22T00:00:05.828Z] >>> [apiv2][query] GET https://firebase.googleapis.com/v1beta1/projects pageSize=100
[debug] [2025-07-22T00:00:06.591Z] <<< [apiv2][status] GET https://firebase.googleapis.com/v1beta1/projects 200
[debug] [2025-07-22T00:00:06.591Z] <<< [apiv2][body] GET https://firebase.googleapis.com/v1beta1/projects [omitted]
[debug] [2025-07-22T00:03:40.852Z] ----------------------------------------------------------------------
[debug] [2025-07-22T00:03:40.855Z] Command:       C:\Program Files\nodejs\node.exe C:\Users\안성식\AppData\Roaming\npm\node_modules\firebase-tools\lib\bin\firebase.js init functions
[debug] [2025-07-22T00:03:40.856Z] CLI Version:   14.11.0
[debug] [2025-07-22T00:03:40.856Z] Platform:      win32
[debug] [2025-07-22T00:03:40.856Z] Node Version:  v24.4.1
[debug] [2025-07-22T00:03:40.856Z] Time:          Tue Jul 22 2025 09:03:40 GMT+0900 (Korean Standard Time)
[debug] [2025-07-22T00:03:40.856Z] ----------------------------------------------------------------------
[debug] 
[debug] [2025-07-22T00:03:40.875Z] > command requires scopes: ["email","openid","https://www.googleapis.com/auth/cloudplatformprojects.readonly","https://www.googleapis.com/auth/firebase","https://www.googleapis.com/auth/cloud-platform"]
[debug] [2025-07-22T00:03:40.875Z] > authorizing via signed-in user (kalnal0928@gmail.com)
[info] 
     ######## #### ########  ######## ########     ###     ######  ########
     ##        ##  ##     ## ##       ##     ##  ##   ##  ##       ##
     ######    ##  ########  ######   ########  #########  ######  ######
     ##        ##  ##    ##  ##       ##     ## ##     ##       ## ##
     ##       #### ##     ## ######## ########  ##     ##  ######  ########

You're about to initialize a Firebase project in this directory:

  I:\내 드라이브\git_hub_homePage\bab-1

[info] 
=== Project Setup
[info] 
[info] First, let's associate this project directory with a Firebase project.
[info] You can create multiple project aliases by running firebase use --add, 
[info] but for now we'll just set up a default project.
[info] 
[debug] [2025-07-22T00:03:49.245Z] Checked if tokens are valid: true, expires at: 1753145857878
[debug] [2025-07-22T00:03:49.246Z] Checked if tokens are valid: true, expires at: 1753145857878
[debug] [2025-07-22T00:03:49.247Z] >>> [apiv2][query] GET https://firebase.googleapis.com/v1beta1/projects pageSize=100
[debug] [2025-07-22T00:03:50.151Z] <<< [apiv2][status] GET https://firebase.googleapis.com/v1beta1/projects 200
[debug] [2025-07-22T00:03:50.151Z] <<< [apiv2][body] GET https://firebase.googleapis.com/v1beta1/projects [omitted]
[info] i  Using project gyeongdeok-8e2fb (gyeongdeok) 
[info] 
=== Functions Setup
[debug] [2025-07-22T00:03:52.691Z] > command requires scopes: ["email","openid","https://www.googleapis.com/auth/cloudplatformprojects.readonly","https://www.googleapis.com/auth/firebase","https://www.googleapis.com/auth/cloud-platform"]
[debug] [2025-07-22T00:03:52.691Z] > authorizing via signed-in user (kalnal0928@gmail.com)
[debug] [2025-07-22T00:03:52.691Z] [iam] checking project gyeongdeok-8e2fb for permissions ["firebase.projects.get"]
[debug] [2025-07-22T00:03:52.691Z] Checked if tokens are valid: true, expires at: 1753145857878
[debug] [2025-07-22T00:03:52.691Z] Checked if tokens are valid: true, expires at: 1753145857878
[debug] [2025-07-22T00:03:52.691Z] >>> [apiv2][query] POST https://cloudresourcemanager.googleapis.com/v1/projects/gyeongdeok-8e2fb:testIamPermissions [none]
[debug] [2025-07-22T00:03:52.691Z] >>> [apiv2][(partial)header] POST https://cloudresourcemanager.googleapis.com/v1/projects/gyeongdeok-8e2fb:testIamPermissions x-goog-quota-user=projects/gyeongdeok-8e2fb
[debug] [2025-07-22T00:03:52.691Z] >>> [apiv2][body] POST https://cloudresourcemanager.googleapis.com/v1/projects/gyeongdeok-8e2fb:testIamPermissions {"permissions":["firebase.projects.get"]}
[debug] [2025-07-22T00:03:52.929Z] <<< [apiv2][status] POST https://cloudresourcemanager.googleapis.com/v1/projects/gyeongdeok-8e2fb:testIamPermissions 200
[debug] [2025-07-22T00:03:52.929Z] <<< [apiv2][body] POST https://cloudresourcemanager.googleapis.com/v1/projects/gyeongdeok-8e2fb:testIamPermissions {"permissions":["firebase.projects.get"]}
[debug] [2025-07-22T00:03:52.930Z] Checked if tokens are valid: true, expires at: 1753145857878
[debug] [2025-07-22T00:03:52.930Z] Checked if tokens are valid: true, expires at: 1753145857878
[debug] [2025-07-22T00:03:52.930Z] Checked if tokens are valid: true, expires at: 1753145857878
[debug] [2025-07-22T00:03:52.930Z] Checked if tokens are valid: true, expires at: 1753145857878
[debug] [2025-07-22T00:03:52.930Z] >>> [apiv2][query] GET https://serviceusage.googleapis.com/v1/projects/gyeongdeok-8e2fb/services/cloudfunctions.googleapis.com [none]
[debug] [2025-07-22T00:03:52.930Z] >>> [apiv2][(partial)header] GET https://serviceusage.googleapis.com/v1/projects/gyeongdeok-8e2fb/services/cloudfunctions.googleapis.com x-goog-quota-user=projects/gyeongdeok-8e2fb
[debug] [2025-07-22T00:03:52.931Z] >>> [apiv2][query] GET https://serviceusage.googleapis.com/v1/projects/gyeongdeok-8e2fb/services/runtimeconfig.googleapis.com [none]
[debug] [2025-07-22T00:03:52.931Z] >>> [apiv2][(partial)header] GET https://serviceusage.googleapis.com/v1/projects/gyeongdeok-8e2fb/services/runtimeconfig.googleapis.com x-goog-quota-user=projects/gyeongdeok-8e2fb
[debug] [2025-07-22T00:03:54.518Z] <<< [apiv2][status] GET https://serviceusage.googleapis.com/v1/projects/gyeongdeok-8e2fb/services/runtimeconfig.googleapis.com 200
[debug] [2025-07-22T00:03:54.518Z] <<< [apiv2][body] GET https://serviceusage.googleapis.com/v1/projects/gyeongdeok-8e2fb/services/runtimeconfig.googleapis.com [omitted]
[debug] [2025-07-22T00:03:54.529Z] <<< [apiv2][status] GET https://serviceusage.googleapis.com/v1/projects/gyeongdeok-8e2fb/services/cloudfunctions.googleapis.com 200
[debug] [2025-07-22T00:03:54.530Z] <<< [apiv2][body] GET https://serviceusage.googleapis.com/v1/projects/gyeongdeok-8e2fb/services/cloudfunctions.googleapis.com [omitted]
[debug] [2025-07-22T00:03:54.530Z] Checked if tokens are valid: true, expires at: 1753145857878
[debug] [2025-07-22T00:03:54.530Z] Checked if tokens are valid: true, expires at: 1753145857878
[debug] [2025-07-22T00:03:54.530Z] >>> [apiv2][query] POST https://serviceusage.googleapis.com/v1/projects/gyeongdeok-8e2fb/services/cloudfunctions.googleapis.com:enable [none]
[debug] [2025-07-22T00:03:54.530Z] >>> [apiv2][(partial)header] POST https://serviceusage.googleapis.com/v1/projects/gyeongdeok-8e2fb/services/cloudfunctions.googleapis.com:enable x-goog-quota-user=projects/gyeongdeok-8e2fb
[debug] [2025-07-22T00:03:55.024Z] <<< [apiv2][status] POST https://serviceusage.googleapis.com/v1/projects/gyeongdeok-8e2fb/services/cloudfunctions.googleapis.com:enable 200
[debug] [2025-07-22T00:03:55.024Z] <<< [apiv2][body] POST https://serviceusage.googleapis.com/v1/projects/gyeongdeok-8e2fb/services/cloudfunctions.googleapis.com:enable [omitted]
[info] Let's create a new codebase for your functions.
[info] A directory corresponding to the codebase will be created in your project
[info] with sample code pre-configured.

[info] See https://firebase.google.com/docs/functions/organize-functions for
[info] more information on organizing your functions using codebases.

[info] Functions can be deployed with firebase deploy.

[info] +  Wrote functions/package.json 
[info] +  Wrote functions/.eslintrc.js 
[info] +  Wrote functions/index.js 
[info] +  Wrote functions/.gitignore 
[info] 
